This is pdfTeX, Version 3.141592653-2.6-1.40.26 (TeX Live 2024/Homebrew) (preloaded format=pdflatex 2025.1.26)  17 NOV 2025 15:33
entering extended mode
 restricted \write18 enabled.
 file:line:error style messages enabled.
 %&-line parsing enabled.
**/Users/biggestpp/foundation-fix/docs/report/engineer_report.tex
(/Users/biggestpp/foundation-fix/docs/report/engineer_report.tex
LaTeX2e <2023-11-01> patch level 1
L3 programming layer <2024-02-20>
(/usr/local/Cellar/texlive/20240312_3/share/texmf-dist/tex/latex/base/report.cls
Document Class: report 2023/05/17 v1.4n Standard LaTeX document class
(/usr/local/Cellar/texlive/20240312_3/share/texmf-dist/tex/latex/base/size12.clo
File: size12.clo 2023/05/17 v1.4n Standard LaTeX file (size option)
)
\c@part=\count188
\c@chapter=\count189
\c@section=\count190
\c@subsection=\count191
\c@subsubsection=\count192
\c@paragraph=\count193
\c@subparagraph=\count194
\c@figure=\count195
\c@table=\count196
\abovecaptionskip=\skip48
\belowcaptionskip=\skip49
\bibindent=\dimen140
) (/usr/local/Cellar/texlive/20240312_3/share/texmf-dist/tex/latex/tools/indentfirst.sty
Package: indentfirst 2023/07/02 v1.03 Indent first paragraph (DPC)
) (/usr/local/Cellar/texlive/20240312_3/share/texmf-dist/tex/latex/base/inputenc.sty
Package: inputenc 2021/02/14 v1.3d Input encoding file
\inpenc@prehook=\toks17
\inpenc@posthook=\toks18
) (/usr/local/Cellar/texlive/20240312_3/share/texmf-dist/tex/latex/base/fontenc.sty
Package: fontenc 2021/04/29 v2.0v Standard LaTeX package
) (/usr/local/Cellar/texlive/20240312_3/share/texmf-dist/tex/latex/geometry/geometry.sty
Package: geometry 2020/01/02 v5.9 Page Geometry
 (/usr/local/Cellar/texlive/20240312_3/share/texmf-dist/tex/latex/graphics/keyval.sty
Package: keyval 2022/05/29 v1.15 key=value parser (DPC)
\KV@toks@=\toks19
) (/usr/local/Cellar/texlive/20240312_3/share/texmf-dist/tex/generic/iftex/ifvtex.sty
Package: ifvtex 2019/10/25 v1.7 ifvtex legacy package. Use iftex instead.
 (/usr/local/Cellar/texlive/20240312_3/share/texmf-dist/tex/generic/iftex/iftex.sty
Package: iftex 2022/02/03 v1.0f TeX engine tests
))
\Gm@cnth=\count197
\Gm@cntv=\count198
\c@Gm@tempcnt=\count199
\Gm@bindingoffset=\dimen141
\Gm@wd@mp=\dimen142
\Gm@odd@mp=\dimen143
\Gm@even@mp=\dimen144
\Gm@layoutwidth=\dimen145
\Gm@layoutheight=\dimen146
\Gm@layouthoffset=\dimen147
\Gm@layoutvoffset=\dimen148
\Gm@dimlist=\toks20
) (/usr/local/Cellar/texlive/20240312_3/share/texmf-dist/tex/latex/setspace/setspace.sty
Package: setspace 2022/12/04 v6.7b set line spacing
) (/usr/local/Cellar/texlive/20240312_3/share/texmf-dist/tex/latex/graphics/graphicx.sty
Package: graphicx 2021/09/16 v1.2d Enhanced LaTeX Graphics (DPC,SPQR)
 (/usr/local/Cellar/texlive/20240312_3/share/texmf-dist/tex/latex/graphics/graphics.sty
Package: graphics 2022/03/10 v1.4e Standard LaTeX Graphics (DPC,SPQR)
 (/usr/local/Cellar/texlive/20240312_3/share/texmf-dist/tex/latex/graphics/trig.sty
Package: trig 2021/08/11 v1.11 sin cos tan (DPC)
) (/usr/local/Cellar/texlive/20240312_3/share/texmf-dist/tex/latex/graphics-cfg/graphics.cfg
File: graphics.cfg 2016/06/04 v1.11 sample graphics configuration
)
Package graphics Info: Driver file: pdftex.def on input line 107.
 (/usr/local/Cellar/texlive/20240312_3/share/texmf-dist/tex/latex/graphics-def/pdftex.def
File: pdftex.def 2022/09/22 v1.2b Graphics/color driver for pdftex
))
\Gin@req@height=\dimen149
\Gin@req@width=\dimen150
) (/usr/local/Cellar/texlive/20240312_3/share/texmf-dist/tex/latex/float/float.sty
Package: float 2001/11/08 v1.3d Float enhancements (AL)
\c@float@type=\count266
\float@exts=\toks21
\float@box=\box51
\@float@everytoks=\toks22
\@floatcapt=\box52
) (/usr/local/Cellar/texlive/20240312_3/share/texmf-dist/tex/latex/caption/caption.sty
Package: caption 2023/08/05 v3.6o Customizing captions (AR)
 (/usr/local/Cellar/texlive/20240312_3/share/texmf-dist/tex/latex/caption/caption3.sty
Package: caption3 2023/07/31 v2.4d caption3 kernel (AR)
\caption@tempdima=\dimen151
\captionmargin=\dimen152
\caption@leftmargin=\dimen153
\caption@rightmargin=\dimen154
\caption@width=\dimen155
\caption@indent=\dimen156
\caption@parindent=\dimen157
\caption@hangindent=\dimen158
Package caption Info: Standard document class detected.
)
\c@caption@flags=\count267
\c@continuedfloat=\count268
Package caption Info: float package is loaded.
) (/usr/local/Cellar/texlive/20240312_3/share/texmf-dist/tex/latex/booktabs/booktabs.sty
Package: booktabs 2020/01/12 v1.61803398 Publication quality tables
\heavyrulewidth=\dimen159
\lightrulewidth=\dimen160
\cmidrulewidth=\dimen161
\belowrulesep=\dimen162
\belowbottomsep=\dimen163
\aboverulesep=\dimen164
\abovetopsep=\dimen165
\cmidrulesep=\dimen166
\cmidrulekern=\dimen167
\defaultaddspace=\dimen168
\@cmidla=\count269
\@cmidlb=\count270
\@aboverulesep=\dimen169
\@belowrulesep=\dimen170
\@thisruleclass=\count271
\@lastruleclass=\count272
\@thisrulewidth=\dimen171
) (/usr/local/Cellar/texlive/20240312_3/share/texmf-dist/tex/latex/amsmath/amsmath.sty
Package: amsmath 2023/05/13 v2.17o AMS math features
\@mathmargin=\skip50

For additional information on amsmath, use the `?' option.
(/usr/local/Cellar/texlive/20240312_3/share/texmf-dist/tex/latex/amsmath/amstext.sty
Package: amstext 2021/08/26 v2.01 AMS text
 (/usr/local/Cellar/texlive/20240312_3/share/texmf-dist/tex/latex/amsmath/amsgen.sty
File: amsgen.sty 1999/11/30 v2.0 generic functions
\@emptytoks=\toks23
\ex@=\dimen172
)) (/usr/local/Cellar/texlive/20240312_3/share/texmf-dist/tex/latex/amsmath/amsbsy.sty
Package: amsbsy 1999/11/29 v1.2d Bold Symbols
\pmbraise@=\dimen173
) (/usr/local/Cellar/texlive/20240312_3/share/texmf-dist/tex/latex/amsmath/amsopn.sty
Package: amsopn 2022/04/08 v2.04 operator names
)
\inf@bad=\count273
LaTeX Info: Redefining \frac on input line 234.
\uproot@=\count274
\leftroot@=\count275
LaTeX Info: Redefining \overline on input line 399.
LaTeX Info: Redefining \colon on input line 410.
\classnum@=\count276
\DOTSCASE@=\count277
LaTeX Info: Redefining \ldots on input line 496.
LaTeX Info: Redefining \dots on input line 499.
LaTeX Info: Redefining \cdots on input line 620.
\Mathstrutbox@=\box53
\strutbox@=\box54
LaTeX Info: Redefining \big on input line 722.
LaTeX Info: Redefining \Big on input line 723.
LaTeX Info: Redefining \bigg on input line 724.
LaTeX Info: Redefining \Bigg on input line 725.
\big@size=\dimen174
LaTeX Font Info:    Redeclaring font encoding OML on input line 743.
LaTeX Font Info:    Redeclaring font encoding OMS on input line 744.
\macc@depth=\count278
LaTeX Info: Redefining \bmod on input line 905.
LaTeX Info: Redefining \pmod on input line 910.
LaTeX Info: Redefining \smash on input line 940.
LaTeX Info: Redefining \relbar on input line 970.
LaTeX Info: Redefining \Relbar on input line 971.
\c@MaxMatrixCols=\count279
\dotsspace@=\muskip16
\c@parentequation=\count280
\dspbrk@lvl=\count281
\tag@help=\toks24
\row@=\count282
\column@=\count283
\maxfields@=\count284
\andhelp@=\toks25
\eqnshift@=\dimen175
\alignsep@=\dimen176
\tagshift@=\dimen177
\tagwidth@=\dimen178
\totwidth@=\dimen179
\lineht@=\dimen180
\@envbody=\toks26
\multlinegap=\skip51
\multlinetaggap=\skip52
\mathdisplay@stack=\toks27
LaTeX Info: Redefining \[ on input line 2953.
LaTeX Info: Redefining \] on input line 2954.
) (/usr/local/Cellar/texlive/20240312_3/share/texmf-dist/tex/latex/amsfonts/amssymb.sty
Package: amssymb 2013/01/14 v3.01 AMS font symbols
 (/usr/local/Cellar/texlive/20240312_3/share/texmf-dist/tex/latex/amsfonts/amsfonts.sty
Package: amsfonts 2013/01/14 v3.01 Basic AMSFonts support
\symAMSa=\mathgroup4
\symAMSb=\mathgroup5
LaTeX Font Info:    Redeclaring math symbol \hbar on input line 98.
LaTeX Font Info:    Overwriting math alphabet `\mathfrak' in version `bold'
(Font)                  U/euf/m/n --> U/euf/b/n on input line 106.
)) (/usr/local/Cellar/texlive/20240312_3/share/texmf-dist/tex/latex/hyperref/hyperref.sty
Package: hyperref 2024-01-20 v7.01h Hypertext links for LaTeX
 (/usr/local/Cellar/texlive/20240312_3/share/texmf-dist/tex/latex/kvsetkeys/kvsetkeys.sty
Package: kvsetkeys 2022-10-05 v1.19 Key value parser (HO)
) (/usr/local/Cellar/texlive/20240312_3/share/texmf-dist/tex/generic/kvdefinekeys/kvdefinekeys.sty
Package: kvdefinekeys 2019-12-19 v1.6 Define keys (HO)
) (/usr/local/Cellar/texlive/20240312_3/share/texmf-dist/tex/generic/pdfescape/pdfescape.sty
Package: pdfescape 2019/12/09 v1.15 Implements pdfTeX's escape features (HO)
 (/usr/local/Cellar/texlive/20240312_3/share/texmf-dist/tex/generic/ltxcmds/ltxcmds.sty
Package: ltxcmds 2023-12-04 v1.26 LaTeX kernel commands for general use (HO)
) (/usr/local/Cellar/texlive/20240312_3/share/texmf-dist/tex/generic/pdftexcmds/pdftexcmds.sty
Package: pdftexcmds 2020-06-27 v0.33 Utility functions of pdfTeX for LuaTeX (HO)
 (/usr/local/Cellar/texlive/20240312_3/share/texmf-dist/tex/generic/infwarerr/infwarerr.sty
Package: infwarerr 2019/12/03 v1.5 Providing info/warning/error messages (HO)
)
Package pdftexcmds Info: \pdf@primitive is available.
Package pdftexcmds Info: \pdf@ifprimitive is available.
Package pdftexcmds Info: \pdfdraftmode found.
)) (/usr/local/Cellar/texlive/20240312_3/share/texmf-dist/tex/latex/hycolor/hycolor.sty
Package: hycolor 2020-01-27 v1.10 Color options for hyperref/bookmark (HO)
) (/usr/local/Cellar/texlive/20240312_3/share/texmf-dist/tex/latex/auxhook/auxhook.sty
Package: auxhook 2019-12-17 v1.6 Hooks for auxiliary files (HO)
) (/usr/local/Cellar/texlive/20240312_3/share/texmf-dist/tex/latex/hyperref/nameref.sty
Package: nameref 2023-11-26 v2.56 Cross-referencing by name of section
 (/usr/local/Cellar/texlive/20240312_3/share/texmf-dist/tex/latex/refcount/refcount.sty
Package: refcount 2019/12/15 v3.6 Data extraction from label references (HO)
) (/usr/local/Cellar/texlive/20240312_3/share/texmf-dist/tex/generic/gettitlestring/gettitlestring.sty
Package: gettitlestring 2019/12/15 v1.6 Cleanup title references (HO)
 (/usr/local/Cellar/texlive/20240312_3/share/texmf-dist/tex/latex/kvoptions/kvoptions.sty
Package: kvoptions 2022-06-15 v3.15 Key value format for package options (HO)
))
\c@section@level=\count285
) (/usr/local/Cellar/texlive/20240312_3/share/texmf-dist/tex/latex/etoolbox/etoolbox.sty
Package: etoolbox 2020/10/05 v2.5k e-TeX tools for LaTeX (JAW)
\etb@tempcnta=\count286
)
\@linkdim=\dimen181
\Hy@linkcounter=\count287
\Hy@pagecounter=\count288
 (/usr/local/Cellar/texlive/20240312_3/share/texmf-dist/tex/latex/hyperref/pd1enc.def
File: pd1enc.def 2024-01-20 v7.01h Hyperref: PDFDocEncoding definition (HO)
Now handling font encoding PD1 ...
... no UTF-8 mapping file for font encoding PD1
) (/usr/local/Cellar/texlive/20240312_3/share/texmf-dist/tex/generic/intcalc/intcalc.sty
Package: intcalc 2019/12/15 v1.3 Expandable calculations with integers (HO)
)
\Hy@SavedSpaceFactor=\count289
 (/usr/local/Cellar/texlive/20240312_3/share/texmf-dist/tex/latex/hyperref/puenc.def
File: puenc.def 2024-01-20 v7.01h Hyperref: PDF Unicode definition (HO)
Now handling font encoding PU ...
... no UTF-8 mapping file for font encoding PU
)
Package hyperref Info: Hyper figures OFF on input line 4179.
Package hyperref Info: Link nesting OFF on input line 4184.
Package hyperref Info: Hyper index ON on input line 4187.
Package hyperref Info: Plain pages OFF on input line 4194.
Package hyperref Info: Backreferencing OFF on input line 4199.
Package hyperref Info: Implicit mode ON; LaTeX internals redefined.
Package hyperref Info: Bookmarks ON on input line 4446.
\c@Hy@tempcnt=\count290
 (/usr/local/Cellar/texlive/20240312_3/share/texmf-dist/tex/latex/url/url.sty
\Urlmuskip=\muskip17
Package: url 2013/09/16  ver 3.4  Verb mode for urls, etc.
)
LaTeX Info: Redefining \url on input line 4784.
\XeTeXLinkMargin=\dimen182
 (/usr/local/Cellar/texlive/20240312_3/share/texmf-dist/tex/generic/bitset/bitset.sty
Package: bitset 2019/12/09 v1.3 Handle bit-vector datatype (HO)
 (/usr/local/Cellar/texlive/20240312_3/share/texmf-dist/tex/generic/bigintcalc/bigintcalc.sty
Package: bigintcalc 2019/12/15 v1.5 Expandable calculations on big integers (HO)
))
\Fld@menulength=\count291
\Field@Width=\dimen183
\Fld@charsize=\dimen184
Package hyperref Info: Hyper figures OFF on input line 6063.
Package hyperref Info: Link nesting OFF on input line 6068.
Package hyperref Info: Hyper index ON on input line 6071.
Package hyperref Info: backreferencing OFF on input line 6078.
Package hyperref Info: Link coloring OFF on input line 6083.
Package hyperref Info: Link coloring with OCG OFF on input line 6088.
Package hyperref Info: PDF/A mode OFF on input line 6093.
 (/usr/local/Cellar/texlive/20240312_3/share/texmf-dist/tex/latex/base/atbegshi-ltx.sty
Package: atbegshi-ltx 2021/01/10 v1.0c Emulation of the original atbegshi
package with kernel methods
)
\Hy@abspage=\count292
\c@Item=\count293
\c@Hfootnote=\count294
)
Package hyperref Info: Driver (autodetected): hpdftex.
 (/usr/local/Cellar/texlive/20240312_3/share/texmf-dist/tex/latex/hyperref/hpdftex.def
File: hpdftex.def 2024-01-20 v7.01h Hyperref driver for pdfTeX
 (/usr/local/Cellar/texlive/20240312_3/share/texmf-dist/tex/latex/base/atveryend-ltx.sty
Package: atveryend-ltx 2020/08/19 v1.0a Emulation of the original atveryend package
with kernel methods
)
\Fld@listcount=\count295
\c@bookmark@seq@number=\count296
 (/usr/local/Cellar/texlive/20240312_3/share/texmf-dist/tex/latex/rerunfilecheck/rerunfilecheck.sty
Package: rerunfilecheck 2022-07-10 v1.10 Rerun checks for auxiliary files (HO)
 (/usr/local/Cellar/texlive/20240312_3/share/texmf-dist/tex/generic/uniquecounter/uniquecounter.sty
Package: uniquecounter 2019/12/15 v1.4 Provide unlimited unique counter (HO)
)
Package uniquecounter Info: New unique counter `rerunfilecheck' on input line 285.
)
\Hy@SectionHShift=\skip53
) (/usr/local/Cellar/texlive/20240312_3/share/texmf-dist/tex/latex/fancyhdr/fancyhdr.sty
Package: fancyhdr 2022/11/09 v4.1 Extensive control of page headers and footers
\f@nch@headwidth=\skip54
\f@nch@O@elh=\skip55
\f@nch@O@erh=\skip56
\f@nch@O@olh=\skip57
\f@nch@O@orh=\skip58
\f@nch@O@elf=\skip59
\f@nch@O@erf=\skip60
\f@nch@O@olf=\skip61
\f@nch@O@orf=\skip62
) (/usr/local/Cellar/texlive/20240312_3/share/texmf-dist/tex/latex/lineno/lineno.sty
Package: lineno 2023/05/20 line numbers on paragraphs v5.3
\linenopenalty=\count297
\output=\toks28
\linenoprevgraf=\count298
\linenumbersep=\dimen185
\linenumberwidth=\dimen186
\c@linenumber=\count299
\c@pagewiselinenumber=\count300
\c@LN@truepage=\count301
\c@internallinenumber=\count302
\c@internallinenumbers=\count303
\quotelinenumbersep=\dimen187
\bframerule=\dimen188
\bframesep=\dimen189
\bframebox=\box55
\linenoamsmath@ams@eqpen=\count304
LaTeX Info: Redefining \\ on input line 3180.
) (/usr/local/Cellar/texlive/20240312_3/share/texmf-dist/tex/latex/tocloft/tocloft.sty
Package: tocloft 2017/08/31 v2.3i parameterised ToC, etc., typesetting
Package tocloft Info: The document has chapter divisions on input line 51.
\cftparskip=\skip63
\cftbeforetoctitleskip=\skip64
\cftaftertoctitleskip=\skip65
\cftbeforepartskip=\skip66
\cftpartnumwidth=\skip67
\cftpartindent=\skip68
\cftbeforechapskip=\skip69
\cftchapindent=\skip70
\cftchapnumwidth=\skip71
\cftbeforesecskip=\skip72
\cftsecindent=\skip73
\cftsecnumwidth=\skip74
\cftbeforesubsecskip=\skip75
\cftsubsecindent=\skip76
\cftsubsecnumwidth=\skip77
\cftbeforesubsubsecskip=\skip78
\cftsubsubsecindent=\skip79
\cftsubsubsecnumwidth=\skip80
\cftbeforeparaskip=\skip81
\cftparaindent=\skip82
\cftparanumwidth=\skip83
\cftbeforesubparaskip=\skip84
\cftsubparaindent=\skip85
\cftsubparanumwidth=\skip86
\cftbeforeloftitleskip=\skip87
\cftafterloftitleskip=\skip88
\cftbeforefigskip=\skip89
\cftfigindent=\skip90
\cftfignumwidth=\skip91
\c@lofdepth=\count305
\c@lotdepth=\count306
\cftbeforelottitleskip=\skip92
\cftafterlottitleskip=\skip93
\cftbeforetabskip=\skip94
\cfttabindent=\skip95
\cfttabnumwidth=\skip96
) (/usr/local/Cellar/texlive/20240312_3/share/texmf-dist/tex/latex/titlesec/titlesec.sty
Package: titlesec 2023/10/27 v2.16 Sectioning titles
\ttl@box=\box56
\beforetitleunit=\skip97
\aftertitleunit=\skip98
\ttl@plus=\dimen190
\ttl@minus=\dimen191
\ttl@toksa=\toks29
\titlewidth=\dimen192
\titlewidthlast=\dimen193
\titlewidthfirst=\dimen194
) (/usr/local/Cellar/texlive/20240312_3/share/texmf-dist/tex/latex/xcolor/xcolor.sty
Package: xcolor 2023/11/15 v3.01 LaTeX color extensions (UK)
 (/usr/local/Cellar/texlive/20240312_3/share/texmf-dist/tex/latex/graphics-cfg/color.cfg
File: color.cfg 2016/01/02 v1.6 sample color configuration
)
Package xcolor Info: Driver file: pdftex.def on input line 274.
 (/usr/local/Cellar/texlive/20240312_3/share/texmf-dist/tex/latex/graphics/mathcolor.ltx)
Package xcolor Info: Model `cmy' substituted by `cmy0' on input line 1350.
Package xcolor Info: Model `hsb' substituted by `rgb' on input line 1354.
Package xcolor Info: Model `RGB' extended on input line 1366.
Package xcolor Info: Model `HTML' substituted by `rgb' on input line 1368.
Package xcolor Info: Model `Hsb' substituted by `hsb' on input line 1369.
Package xcolor Info: Model `tHsb' substituted by `hsb' on input line 1370.
Package xcolor Info: Model `HSB' substituted by `hsb' on input line 1371.
Package xcolor Info: Model `Gray' substituted by `gray' on input line 1372.
Package xcolor Info: Model `wave' substituted by `hsb' on input line 1373.
) (/usr/local/Cellar/texlive/20240312_3/share/texmf-dist/tex/latex/listings/listings.sty
\lst@mode=\count307
\lst@gtempboxa=\box57
\lst@token=\toks30
\lst@length=\count308
\lst@currlwidth=\dimen195
\lst@column=\count309
\lst@pos=\count310
\lst@lostspace=\dimen196
\lst@width=\dimen197
\lst@newlines=\count311
\lst@lineno=\count312
\lst@maxwidth=\dimen198
 (/usr/local/Cellar/texlive/20240312_3/share/texmf-dist/tex/latex/listings/lstpatch.sty
File: lstpatch.sty 2024/02/21 1.10 (Carsten Heinz)
) (/usr/local/Cellar/texlive/20240312_3/share/texmf-dist/tex/latex/listings/lstmisc.sty
File: lstmisc.sty 2024/02/21 1.10 (Carsten Heinz)
\c@lstnumber=\count313
\lst@skipnumbers=\count314
\lst@framebox=\box58
) (/usr/local/Cellar/texlive/20240312_3/share/texmf-dist/tex/latex/listings/listings.cfg
File: listings.cfg 2024/02/21 1.10 listings configuration
))
Package: listings 2024/02/21 1.10 (Carsten Heinz)
 (/usr/local/Cellar/texlive/20240312_3/share/texmf-dist/tex/latex/cite/cite.sty
LaTeX Info: Redefining \cite on input line 302.
LaTeX Info: Redefining \nocite on input line 332.
Package: cite 2015/02/27  v 5.5
)
Package hyperref Info: Option `colorlinks' set `true' on input line 57.
 (/usr/local/Cellar/texlive/20240312_3/share/texmf-dist/tex/latex/l3backend/l3backend-pdftex.def
File: l3backend-pdftex.def 2024-02-20 L3 backend support: PDF output (pdfTeX)
\l__color_backend_stack_int=\count315
\l__pdf_internal_box=\box59
)
No file engineer_report.aux.
\openout1 = `engineer_report.aux'.

LaTeX Font Info:    Checking defaults for OML/cmm/m/it on input line 76.
LaTeX Font Info:    ... okay on input line 76.
LaTeX Font Info:    Checking defaults for OMS/cmsy/m/n on input line 76.
LaTeX Font Info:    ... okay on input line 76.
LaTeX Font Info:    Checking defaults for OT1/cmr/m/n on input line 76.
LaTeX Font Info:    ... okay on input line 76.
LaTeX Font Info:    Checking defaults for T1/cmr/m/n on input line 76.
LaTeX Font Info:    ... okay on input line 76.
LaTeX Font Info:    Checking defaults for TS1/cmr/m/n on input line 76.
LaTeX Font Info:    ... okay on input line 76.
LaTeX Font Info:    Checking defaults for OMX/cmex/m/n on input line 76.
LaTeX Font Info:    ... okay on input line 76.
LaTeX Font Info:    Checking defaults for U/cmr/m/n on input line 76.
LaTeX Font Info:    ... okay on input line 76.
LaTeX Font Info:    Checking defaults for PD1/pdf/m/n on input line 76.
LaTeX Font Info:    ... okay on input line 76.
LaTeX Font Info:    Checking defaults for PU/pdf/m/n on input line 76.
LaTeX Font Info:    ... okay on input line 76.
*geometry* driver: auto-detecting
*geometry* detected driver: pdftex
*geometry* verbose mode - [ preamble ] result:
* driver: pdftex
* paper: letterpaper
* layout: <same size as paper>
* layoutoffset:(h,v)=(0.0pt,0.0pt)
* modes: 
* h-part:(L,W,R)=(72.26999pt, 469.75502pt, 72.26999pt)
* v-part:(T,H,B)=(72.26999pt, 650.43001pt, 72.26999pt)
* \paperwidth=614.295pt
* \paperheight=794.96999pt
* \textwidth=469.75502pt
* \textheight=650.43001pt
* \oddsidemargin=0.0pt
* \evensidemargin=0.0pt
* \topmargin=-39.5pt
* \headheight=14.5pt
* \headsep=25.0pt
* \topskip=12.0pt
* \footskip=30.0pt
* \marginparwidth=44.0pt
* \marginparsep=10.0pt
* \columnsep=10.0pt
* \skip\footins=10.8pt plus 4.0pt minus 2.0pt
* \hoffset=0.0pt
* \voffset=0.0pt
* \mag=1000
* \@twocolumnfalse
* \@twosidefalse
* \@mparswitchfalse
* \@reversemarginfalse
* (1in=72.27pt=25.4mm, 1cm=28.453pt)

(/usr/local/Cellar/texlive/20240312_3/share/texmf-dist/tex/context/base/mkii/supp-pdf.mkii
[Loading MPS to PDF converter (version 2006.09.02).]
\scratchcounter=\count316
\scratchdimen=\dimen199
\scratchbox=\box60
\nofMPsegments=\count317
\nofMParguments=\count318
\everyMPshowfont=\toks31
\MPscratchCnt=\count319
\MPscratchDim=\dimen256
\MPnumerator=\count320
\makeMPintoPDFobject=\count321
\everyMPtoPDFconversion=\toks32
) (/usr/local/Cellar/texlive/20240312_3/share/texmf-dist/tex/latex/epstopdf-pkg/epstopdf-base.sty
Package: epstopdf-base 2020-01-24 v2.11 Base part for package epstopdf
Package epstopdf-base Info: Redefining graphics rule for `.eps' on input line 485.
 (/usr/local/Cellar/texlive/20240312_3/share/texmf-dist/tex/latex/latexconfig/epstopdf-sys.cfg
File: epstopdf-sys.cfg 2010/07/13 v1.3 Configuration of (r)epstopdf for TeX Live
))
Package caption Info: Begin \AtBeginDocument code.
Package caption Info: hyperref package is loaded.
Package caption Info: listings package is loaded.
Package caption Info: End \AtBeginDocument code.
Package hyperref Info: Link coloring ON on input line 76.
\@outlinefile=\write3
\openout3 = `engineer_report.out'.

\c@lstlisting=\count322
LaTeX Font Info:    Trying to load font information for U+msa on input line 79.
 (/usr/local/Cellar/texlive/20240312_3/share/texmf-dist/tex/latex/amsfonts/umsa.fd
File: umsa.fd 2013/01/14 v3.01 AMS symbols A
)
LaTeX Font Info:    Trying to load font information for U+msb on input line 79.
 (/usr/local/Cellar/texlive/20240312_3/share/texmf-dist/tex/latex/amsfonts/umsb.fd
File: umsb.fd 2013/01/14 v3.01 AMS symbols B
) [1

{/usr/local/Cellar/texlive/20240312_3/share/texmf-dist/fonts/map/pdftex/updmap/pdftex.map}{/usr/local/Cellar/texlive/20240312_3/share/texmf-dist/fonts/enc/dvips/cm-super/cm-super-t1.enc}]
LaTeX Font Info:    Trying to load font information for T1+cmss on input line 83.
 (/usr/local/Cellar/texlive/20240312_3/share/texmf-dist/tex/latex/base/t1cmss.fd
File: t1cmss.fd 2023/04/13 v2.5m Standard LaTeX font definitions
)
No file engineer_report.toc.
\tf@toc=\write4
\openout4 = `engineer_report.toc'.

No file engineer_report.lof.
\tf@lof=\write5
\openout5 = `engineer_report.lof'.

No file engineer_report.lot.
\tf@lot=\write6
\openout6 = `engineer_report.lot'.

[1]
Chapter 1.

pdfTeX warning (ext4): destination with the same identifier (name{page.1}) has been already used, duplicate ignored
<to be read again> 
                   \relax 
l.111     \chapter
                  {Introduction} [1

]
Chapter 2.

LaTeX Warning: Citation `SmithS' on page 2 undefined on input line 124.

[2

] [3]
Chapter 3.
<assets/first_it/ME_init_sketch_housing.png, id=40, 408.52625pt x 454.69875pt>
File: assets/first_it/ME_init_sketch_housing.png Graphic file (type png)
<use assets/first_it/ME_init_sketch_housing.png>
Package pdftex.def Info: assets/first_it/ME_init_sketch_housing.png  used on input line 186.
(pdftex.def)             Requested size: 281.85587pt x 313.72859pt.
<assets/first_it/ME_init_cad_housing1.png, id=42, 466.74374pt x 406.51875pt>
File: assets/first_it/ME_init_cad_housing1.png Graphic file (type png)
<use assets/first_it/ME_init_cad_housing1.png>
Package pdftex.def Info: assets/first_it/ME_init_cad_housing1.png  used on input line 191.
(pdftex.def)             Requested size: 187.89914pt x 163.65291pt.
<assets/first_it/ME_init_cad_housing2.png, id=43, 423.5825pt x 415.5525pt>
File: assets/first_it/ME_init_cad_housing2.png Graphic file (type png)
<use assets/first_it/ME_init_cad_housing2.png>
Package pdftex.def Info: assets/first_it/ME_init_cad_housing2.png  used on input line 192.
(pdftex.def)             Requested size: 187.89914pt x 184.33376pt.
<assets/first_it/ME_init_sketch_dispenser.png, id=44, 960.58875pt x 439.6425pt>
File: assets/first_it/ME_init_sketch_dispenser.png Graphic file (type png)
<use assets/first_it/ME_init_sketch_dispenser.png>
Package pdftex.def Info: assets/first_it/ME_init_sketch_dispenser.png  used on input line 197.
(pdftex.def)             Requested size: 375.80544pt x 171.99655pt.
[4

 <./assets/first_it/ME_init_sketch_housing.png>]
<assets/first_it/ME_init_cad_dispenser.png, id=54, 475.7775pt x 369.38pt>
File: assets/first_it/ME_init_cad_dispenser.png Graphic file (type png)
<use assets/first_it/ME_init_cad_dispenser.png>
Package pdftex.def Info: assets/first_it/ME_init_cad_dispenser.png  used on input line 202.
(pdftex.def)             Requested size: 375.80544pt x 291.77881pt.
 [5 <./assets/first_it/ME_init_cad_housing1.png> <./assets/first_it/ME_init_cad_housing2.png> <./assets/first_it/ME_init_sketch_dispenser.png>] [6 <./assets/first_it/ME_init_cad_dispenser.png>]
<assets/second_it/ME_full_assembly.png, id=71, 766.865pt x 431.6125pt>
File: assets/second_it/ME_full_assembly.png Graphic file (type png)
<use assets/second_it/ME_full_assembly.png>
Package pdftex.def Info: assets/second_it/ME_full_assembly.png  used on input line 221.
(pdftex.def)             Requested size: 375.80544pt x 211.51831pt.
<assets/second_it/ME_exploded.png, id=72, 756.8275pt x 431.6125pt>
File: assets/second_it/ME_exploded.png Graphic file (type png)
<use assets/second_it/ME_exploded.png>
Package pdftex.def Info: assets/second_it/ME_exploded.png  used on input line 226.
(pdftex.def)             Requested size: 375.80544pt x 214.3173pt.
 [7 <./assets/second_it/ME_full_assembly.png> <./assets/second_it/ME_exploded.png>]
<assets/second_it/ME_housing_skeleton.png, id=84, 348.30125pt x 450.68375pt>
File: assets/second_it/ME_housing_skeleton.png Graphic file (type png)
<use assets/second_it/ME_housing_skeleton.png>
Package pdftex.def Info: assets/second_it/ME_housing_skeleton.png  used on input line 234.
(pdftex.def)             Requested size: 187.89914pt x 243.13177pt.
<assets/second_it/ME_housing_walls.png, id=85, 235.88126pt x 388.45125pt>
File: assets/second_it/ME_housing_walls.png Graphic file (type png)
<use assets/second_it/ME_housing_walls.png>
Package pdftex.def Info: assets/second_it/ME_housing_walls.png  used on input line 235.
(pdftex.def)             Requested size: 150.32504pt x 247.5588pt.
<assets/second_it/ME_guide_shaft_bracket.png, id=86, 363.3575pt x 226.8475pt>
File: assets/second_it/ME_guide_shaft_bracket.png Graphic file (type png)
<use assets/second_it/ME_guide_shaft_bracket.png>
Package pdftex.def Info: assets/second_it/ME_guide_shaft_bracket.png  used on input line 248.
(pdftex.def)             Requested size: 187.89914pt x 117.31062pt.
<assets/second_it/ME_syringe_holder_bracket.png, id=87, 233.87375pt x 234.8775pt>
File: assets/second_it/ME_syringe_holder_bracket.png Graphic file (type png)
<use assets/second_it/ME_syringe_holder_bracket.png>
Package pdftex.def Info: assets/second_it/ME_syringe_holder_bracket.png  used on input line 249.
(pdftex.def)             Requested size: 117.43875pt x 117.94379pt.
<assets/second_it/ME_syringe_plunger_bracket.png, id=88, 201.75375pt x 208.78pt>
File: assets/second_it/ME_syringe_plunger_bracket.png Graphic file (type png)
<use assets/second_it/ME_syringe_plunger_bracket.png>
Package pdftex.def Info: assets/second_it/ME_syringe_plunger_bracket.png  used on input line 250.
(pdftex.def)             Requested size: 117.43875pt x 121.52892pt.
 [8 <./assets/second_it/ME_housing_skeleton.png> <./assets/second_it/ME_housing_walls.png> <./assets/second_it/ME_guide_shaft_bracket.png> <./assets/second_it/ME_syringe_holder_bracket.png> <./assets/second_it/ME_syringe_plunger_bracket.png>]
<assets/third_it/ME_full_device_assembly.png, id=100, 740.0147pt x 563.85657pt>
File: assets/third_it/ME_full_device_assembly.png Graphic file (type png)
<use assets/third_it/ME_full_device_assembly.png>
Package pdftex.def Info: assets/third_it/ME_full_device_assembly.png  used on input line 267.
(pdftex.def)             Requested size: 469.75502pt x 357.93309pt.
 [9 <./assets/third_it/ME_full_device_assembly.png>]
<assets/third_it/ME_case_back_wall.png, id=110, 1122.1925pt x 1502.61375pt>
File: assets/third_it/ME_case_back_wall.png Graphic file (type png)
<use assets/third_it/ME_case_back_wall.png>
Package pdftex.def Info: assets/third_it/ME_case_back_wall.png  used on input line 275.
(pdftex.def)             Requested size: 187.89914pt x 251.58905pt.
<assets/third_it/ME_case_side_wall.png, id=111, 998.73125pt x 1514.65875pt>
File: assets/third_it/ME_case_side_wall.png Graphic file (type png)
<use assets/third_it/ME_case_side_wall.png>
Package pdftex.def Info: assets/third_it/ME_case_side_wall.png  used on input line 276.
(pdftex.def)             Requested size: 164.41711pt x 249.35323pt.
<assets/third_it/ME_case_lid.jpeg, id=112, 2055.68pt x 1287.81125pt>
File: assets/third_it/ME_case_lid.jpeg Graphic file (type jpg)
<use assets/third_it/ME_case_lid.jpeg>
Package pdftex.def Info: assets/third_it/ME_case_lid.jpeg  used on input line 281.
(pdftex.def)             Requested size: 187.89914pt x 117.70584pt.
<assets/third_it/ME_case_skeleton_frame.png, id=113, 1137.24875pt x 1567.8575pt>
File: assets/third_it/ME_case_skeleton_frame.png Graphic file (type png)
<use assets/third_it/ME_case_skeleton_frame.png>
Package pdftex.def Info: assets/third_it/ME_case_skeleton_frame.png  used on input line 286.
(pdftex.def)             Requested size: 375.80544pt x 518.11229pt.
 [10 <./assets/third_it/ME_case_back_wall.png> <./assets/third_it/ME_case_side_wall.png> <./assets/third_it/ME_case_lid.jpeg>] [11 <./assets/third_it/ME_case_skeleton_frame.png>]
<assets/third_it/ME_case_l_bracket.png, id=129, 1473.505pt x 1323.94624pt>
File: assets/third_it/ME_case_l_bracket.png Graphic file (type png)
<use assets/third_it/ME_case_l_bracket.png>
Package pdftex.def Info: assets/third_it/ME_case_l_bracket.png  used on input line 300.
(pdftex.def)             Requested size: 152.66895pt x 137.17pt.
<assets/third_it/ME_l_bracket.png, id=130, 2050.66125pt x 1645.14626pt>
File: assets/third_it/ME_l_bracket.png Graphic file (type png)
<use assets/third_it/ME_l_bracket.png>
Package pdftex.def Info: assets/third_it/ME_l_bracket.png  used on input line 301.
(pdftex.def)             Requested size: 176.15813pt x 141.3041pt.
<assets/third_it/ME_syringe_bracket.png, id=131, 1424.32124pt x 1375.1375pt>
File: assets/third_it/ME_syringe_bracket.png Graphic file (type png)
<use assets/third_it/ME_syringe_bracket.png>
Package pdftex.def Info: assets/third_it/ME_syringe_bracket.png  used on input line 302.
(pdftex.def)             Requested size: 169.11209pt x 163.26779pt.
<assets/third_it/ME_plunger_bracket.png, id=132, 1561.835pt x 1560.83125pt>
File: assets/third_it/ME_plunger_bracket.png Graphic file (type png)
<use assets/third_it/ME_plunger_bracket.png>
Package pdftex.def Info: assets/third_it/ME_plunger_bracket.png  used on input line 303.
(pdftex.def)             Requested size: 164.41711pt x 164.3089pt.
<assets/third_it/ME_dispenser_mechanism_assembly.png, id=133, 621.82312pt x 444.91219pt>
File: assets/third_it/ME_dispenser_mechanism_assembly.png Graphic file (type png)
<use assets/third_it/ME_dispenser_mechanism_assembly.png>
Package pdftex.def Info: assets/third_it/ME_dispenser_mechanism_assembly.png  used on input line 309.
(pdftex.def)             Requested size: 375.80544pt x 268.89096pt.
 [12 <./assets/third_it/ME_case_l_bracket.png> <./assets/third_it/ME_l_bracket.png> <./assets/third_it/ME_syringe_bracket.png> <./assets/third_it/ME_plunger_bracket.png>] [13 <./assets/third_it/ME_dispenser_mechanism_assembly.png>]

LaTeX Warning: File `assets/third_it/ME_d_exploded_drawing.jpeg' not found on input line 330.


/Users/biggestpp/foundation-fix/docs/report/engineer_report.tex:330: Package pdftex.def Error: File `assets/third_it/ME_d_exploded_drawing.jpeg' not found: using draft setting.

See the pdftex.def package documentation for explanation.
Type  H <return>  for immediate help.
 ...                                              
                                                  
l.330 ...sets/third_it/ME_d_exploded_drawing.jpeg}
                                                  
Try typing  <return>  to proceed.
If that doesn't work, type  X <return>  to quit.

LaTeX Font Info:    Trying to load font information for T1+cmtt on input line 330.
(/usr/local/Cellar/texlive/20240312_3/share/texmf-dist/tex/latex/base/t1cmtt.fd
File: t1cmtt.fd 2023/04/13 v2.5m Standard LaTeX font definitions
) [14]

LaTeX Warning: File `assets/third_it/ME_d_Case_back.jpeg' not found on input line 338.


/Users/biggestpp/foundation-fix/docs/report/engineer_report.tex:338: Package pdftex.def Error: File `assets/third_it/ME_d_Case_back.jpeg' not found: using draft setting.

See the pdftex.def package documentation for explanation.
Type  H <return>  for immediate help.
 ...                                              
                                                  
l.338 ...dth]{assets/third_it/ME_d_Case_back.jpeg}
                                                  
Try typing  <return>  to proceed.
If that doesn't work, type  X <return>  to quit.


LaTeX Warning: File `assets/third_it/ME_d_Case_Side.jpeg' not found on input line 343.


/Users/biggestpp/foundation-fix/docs/report/engineer_report.tex:343: Package pdftex.def Error: File `assets/third_it/ME_d_Case_Side.jpeg' not found: using draft setting.

See the pdftex.def package documentation for explanation.
Type  H <return>  for immediate help.
 ...                                              
                                                  
l.343 ...dth]{assets/third_it/ME_d_Case_Side.jpeg}
                                                  
Try typing  <return>  to proceed.
If that doesn't work, type  X <return>  to quit.


LaTeX Warning: File `assets/third_it/ME_d_Case_lid.jpeg' not found on input line 348.


/Users/biggestpp/foundation-fix/docs/report/engineer_report.tex:348: Package pdftex.def Error: File `assets/third_it/ME_d_Case_lid.jpeg' not found: using draft setting.

See the pdftex.def package documentation for explanation.
Type  H <return>  for immediate help.
 ...                                              
                                                  
l.348 ...idth]{assets/third_it/ME_d_Case_lid.jpeg}
                                                  
Try typing  <return>  to proceed.
If that doesn't work, type  X <return>  to quit.

[15] [16] [17]

LaTeX Warning: File `assets/third_it/ME_d_Case_L_bracket.jpeg' not found on input line 356.


/Users/biggestpp/foundation-fix/docs/report/engineer_report.tex:356: Package pdftex.def Error: File `assets/third_it/ME_d_Case_L_bracket.jpeg' not found: using draft setting.

See the pdftex.def package documentation for explanation.
Type  H <return>  for immediate help.
 ...                                              
                                                  
l.356 ...assets/third_it/ME_d_Case_L_bracket.jpeg}
                                                  
Try typing  <return>  to proceed.
If that doesn't work, type  X <return>  to quit.


LaTeX Warning: File `assets/third_it/ME_d_L_bracket.png' not found on input line 357.


/Users/biggestpp/foundation-fix/docs/report/engineer_report.tex:357: Package pdftex.def Error: File `assets/third_it/ME_d_L_bracket.png' not found: using draft setting.

See the pdftex.def package documentation for explanation.
Type  H <return>  for immediate help.
 ...                                              
                                                  
l.357 ...idth]{assets/third_it/ME_d_L_bracket.png}
                                                  
Try typing  <return>  to proceed.
If that doesn't work, type  X <return>  to quit.

[18]
Overfull \vbox (267.84737pt too high) has occurred while \output is active []

 [19]

LaTeX Warning: File `assets/third_it/ME_d_Syringe_bracket.png' not found on input line 363.


/Users/biggestpp/foundation-fix/docs/report/engineer_report.tex:363: Package pdftex.def Error: File `assets/third_it/ME_d_Syringe_bracket.png' not found: using draft setting.

See the pdftex.def package documentation for explanation.
Type  H <return>  for immediate help.
 ...                                              
                                                  
l.363 ...assets/third_it/ME_d_Syringe_bracket.png}
                                                  
Try typing  <return>  to proceed.
If that doesn't work, type  X <return>  to quit.


LaTeX Warning: File `assets/third_it/ME_d_plunger_bracket.png' not found on input line 364.


/Users/biggestpp/foundation-fix/docs/report/engineer_report.tex:364: Package pdftex.def Error: File `assets/third_it/ME_d_plunger_bracket.png' not found: using draft setting.

See the pdftex.def package documentation for explanation.
Type  H <return>  for immediate help.
 ...                                              
                                                  
l.364 ...assets/third_it/ME_d_plunger_bracket.png}
                                                  
Try typing  <return>  to proceed.
If that doesn't work, type  X <return>  to quit.


LaTeX Warning: File `assets/third_it/ME_d_Dispenser_exploded.png' not found on input line 369.


/Users/biggestpp/foundation-fix/docs/report/engineer_report.tex:369: Package pdftex.def Error: File `assets/third_it/ME_d_Dispenser_exploded.png' not found: using draft setting.

See the pdftex.def package documentation for explanation.
Type  H <return>  for immediate help.
 ...                                              
                                                  
l.369 ...ets/third_it/ME_d_Dispenser_exploded.png}
                                                  
Try typing  <return>  to proceed.
If that doesn't work, type  X <return>  to quit.


Overfull \vbox (314.83786pt too high) has occurred while \output is active []

 [20] [21]
Chapter 4.
<assets/first_it/CS_userflow.png, id=192, 575.14874pt x 399.4925pt>
File: assets/first_it/CS_userflow.png Graphic file (type png)
<use assets/first_it/CS_userflow.png>
Package pdftex.def Info: assets/first_it/CS_userflow.png  used on input line 381.
(pdftex.def)             Requested size: 375.80544pt x 261.03859pt.
<assets/first_it/CS_pseudocode1.png, id=193, 824.07875pt x 652.4375pt>
File: assets/first_it/CS_pseudocode1.png Graphic file (type png)
<use assets/first_it/CS_pseudocode1.png>
Package pdftex.def Info: assets/first_it/CS_pseudocode1.png  used on input line 386.
(pdftex.def)             Requested size: 375.80544pt x 297.53648pt.
<assets/first_it/CS_pseudocode2.png, id=194, 1194.4625pt x 472.76625pt>
File: assets/first_it/CS_pseudocode2.png Graphic file (type png)
<use assets/first_it/CS_pseudocode2.png>
Package pdftex.def Info: assets/first_it/CS_pseudocode2.png  used on input line 387.
(pdftex.def)             Requested size: 375.80544pt x 148.7418pt.
<assets/first_it/CS_pseudocode3.png, id=195, 816.04875pt x 399.4925pt>
File: assets/first_it/CS_pseudocode3.png Graphic file (type png)
<use assets/first_it/CS_pseudocode3.png>
Package pdftex.def Info: assets/first_it/CS_pseudocode3.png  used on input line 392.
(pdftex.def)             Requested size: 375.80544pt x 183.97603pt.
[22

 <./assets/first_it/CS_userflow.png>] [23 <./assets/first_it/CS_pseudocode1.png> <./assets/first_it/CS_pseudocode2.png>]
<assets/first_it/CS_userflowfinal.png, id=213, 1827.82875pt x 991.705pt>
File: assets/first_it/CS_userflowfinal.png Graphic file (type png)
<use assets/first_it/CS_userflowfinal.png>
Package pdftex.def Info: assets/first_it/CS_userflowfinal.png  used on input line 399.
(pdftex.def)             Requested size: 469.75502pt x 254.8713pt.
 [24 <./assets/first_it/CS_pseudocode3.png> <./assets/first_it/CS_userflowfinal.png>]
<assets/first_it/CS_ui-landing.png, id=223, 406.51875pt x 539.01375pt>
File: assets/first_it/CS_ui-landing.png Graphic file (type png)
<use assets/first_it/CS_ui-landing.png>
Package pdftex.def Info: assets/first_it/CS_ui-landing.png  used on input line 421.
(pdftex.def)             Requested size: 187.89914pt x 249.13368pt.
<assets/first_it/CS_ui-load.png, id=224, 475.7775pt x 316.18124pt>
File: assets/first_it/CS_ui-load.png Graphic file (type png)
<use assets/first_it/CS_ui-load.png>
Package pdftex.def Info: assets/first_it/CS_ui-load.png  used on input line 426.
(pdftex.def)             Requested size: 187.89914pt x 124.8685pt.
<assets/first_it/CS_ui-color.png, id=225, 467.7475pt x 316.18124pt>
File: assets/first_it/CS_ui-color.png Graphic file (type png)
<use assets/first_it/CS_ui-color.png>
Package pdftex.def Info: assets/first_it/CS_ui-color.png  used on input line 427.
(pdftex.def)             Requested size: 187.89914pt x 127.01543pt.
 [25 <./assets/first_it/CS_ui-landing.png> <./assets/first_it/CS_ui-load.png> <./assets/first_it/CS_ui-color.png>] [26{/usr/local/Cellar/texlive/20240312_3/share/texmf-dist/fonts/enc/dvips/cm-super/cm-super-ts1.enc}]

LaTeX Warning: File `assets/final/macbeth.png' not found on input line 492.


/Users/biggestpp/foundation-fix/docs/report/engineer_report.tex:492: Package pdftex.def Error: File `assets/final/macbeth.png' not found: using draft setting.

See the pdftex.def package documentation for explanation.
Type  H <return>  for immediate help.
 ...                                              
                                                  
l.492 ...=0.5\textwidth]{assets/final/macbeth.png}
                                                  
Try typing  <return>  to proceed.
If that doesn't work, type  X <return>  to quit.

[27] [28]
Chapter 5.
<assets/first_it/EE_wiring.png, id=260, 736.7525pt x 739.76375pt>
File: assets/first_it/EE_wiring.png Graphic file (type png)
<use assets/first_it/EE_wiring.png>
Package pdftex.def Info: assets/first_it/EE_wiring.png  used on input line 561.
(pdftex.def)             Requested size: 375.80544pt x 377.33095pt.
[29

]
Overfull \vbox (11.62955pt too high) has occurred while \output is active []

 [30 <./assets/first_it/EE_wiring.png>]

LaTeX Warning: File `assets/final/perf.png' not found on input line 593.


/Users/biggestpp/foundation-fix/docs/report/engineer_report.tex:593: Package pdftex.def Error: File `assets/final/perf.png' not found: using draft setting.

See the pdftex.def package documentation for explanation.
Type  H <return>  for immediate help.
 ...                                              
                                                  
l.593 ...th=0.35\textwidth]{assets/final/perf.png}
                                                  
Try typing  <return>  to proceed.
If that doesn't work, type  X <return>  to quit.


LaTeX Warning: File `assets/final/servomotor_driver.png' not found on input line 594.


/Users/biggestpp/foundation-fix/docs/report/engineer_report.tex:594: Package pdftex.def Error: File `assets/final/servomotor_driver.png' not found: using draft setting.

See the pdftex.def package documentation for explanation.
Type  H <return>  for immediate help.
 ...                                              
                                                  
l.594 ...idth]{assets/final/servomotor_driver.png}
                                                  
Try typing  <return>  to proceed.
If that doesn't work, type  X <return>  to quit.

[31]
<assets/third_it/EE_second_wiringdiagrams.png, id=288, 1440.38126pt x 849.1725pt>
File: assets/third_it/EE_second_wiringdiagrams.png Graphic file (type png)
<use assets/third_it/EE_second_wiringdiagrams.png>
Package pdftex.def Info: assets/third_it/EE_second_wiringdiagrams.png  used on input line 608.
(pdftex.def)             Requested size: 375.80544pt x 221.54411pt.


LaTeX Warning: File `assets/final/lidcircuitry.png' not found on input line 629.


/Users/biggestpp/foundation-fix/docs/report/engineer_report.tex:629: Package pdftex.def Error: File `assets/final/lidcircuitry.png' not found: using draft setting.

See the pdftex.def package documentation for explanation.
Type  H <return>  for immediate help.
 ...                                              
                                                  
l.629 ...textwidth]{assets/final/lidcircuitry.png}
                                                  
Try typing  <return>  to proceed.
If that doesn't work, type  X <return>  to quit.

[32 <./assets/third_it/EE_second_wiringdiagrams.png>] [33]
Chapter 6.
File: assets/third_it/EE_second_wiringdiagrams.png Graphic file (type png)
<use assets/third_it/EE_second_wiringdiagrams.png>
Package pdftex.def Info: assets/third_it/EE_second_wiringdiagrams.png  used on input line 644.
(pdftex.def)             Requested size: 375.80544pt x 221.54411pt.
File: assets/third_it/EE_second_wiringdiagrams.png Graphic file (type png)
<use assets/third_it/EE_second_wiringdiagrams.png>
Package pdftex.def Info: assets/third_it/EE_second_wiringdiagrams.png  used on input line 649.
(pdftex.def)             Requested size: 375.80544pt x 221.54411pt.
[34

] [35]
Chapter 7.
[36

]
Chapter 8.

Underfull \hbox (badness 6559) in paragraph at lines 682--682
[]\T1/cmr/m/n/12 2PCS 300mm Tr8x8 Lead
 []


Underfull \hbox (badness 5954) in paragraph at lines 686--686
[]\T1/cmr/m/n/12 Linear Mo-tion Rod Guide
 []


Underfull \hbox (badness 6961) in paragraph at lines 688--688
[]\T1/cmr/m/n/12 8mm Flange Pil-low Block
 []


Underfull \hbox (badness 10000) in paragraph at lines 696--696
[]\T1/cmr/m/n/12 Assorted Met-ric Fas-ten-ers
 []

[37

] (./engineer_report.bbl [38

]) [39

] (./engineer_report.aux)
 ***********
LaTeX2e <2023-11-01> patch level 1
L3 programming layer <2024-02-20>
 ***********


LaTeX Warning: There were undefined references.


LaTeX Warning: Label(s) may have changed. Rerun to get cross-references right.


Package rerunfilecheck Warning: File `engineer_report.out' has changed.
(rerunfilecheck)                Rerun to get outlines right
(rerunfilecheck)                or use package `bookmark'.

Package rerunfilecheck Info: Checksums for `engineer_report.out':
(rerunfilecheck)             Before: <no file>
(rerunfilecheck)             After:  0A514741E7C7EF633EFA4BB143FEED84;6959.
 ) 
Here is how much of TeX's memory you used:
 15547 strings out of 474116
 261806 string characters out of 5734122
 1939187 words of memory out of 5000000
 37583 multiletter control sequences out of 15000+600000
 576936 words of font info for 82 fonts, out of 8000000 for 9000
 1141 hyphenation exceptions out of 8191
 75i,11n,79p,334b,568s stack positions out of 10000i,1000n,20000p,200000b,200000s
</usr/local/Cellar/texlive/20240312_3/share/texmf-dist/fonts/type1/public/amsfonts/cm/cmmi12.pfb></usr/local/Cellar/texlive/20240312_3/share/texmf-dist/fonts/type1/public/amsfonts/cm/cmmi8.pfb></usr/local/Cellar/texlive/20240312_3/share/texmf-dist/fonts/type1/public/amsfonts/cm/cmr12.pfb></usr/local/Cellar/texlive/20240312_3/share/texmf-dist/fonts/type1/public/amsfonts/cm/cmr8.pfb></usr/local/Cellar/texlive/20240312_3/share/texmf-dist/fonts/type1/public/amsfonts/cm/cmsy10.pfb></usr/local/Cellar/texlive/20240312_3/share/texmf-dist/fonts/type1/public/amsfonts/cm/cmsy8.pfb></usr/local/Cellar/texlive/20240312_3/share/texmf-dist/fonts/type1/public/cm-super/sfbi1200.pfb></usr/local/Cellar/texlive/20240312_3/share/texmf-dist/fonts/type1/public/cm-super/sfbx1200.pfb></usr/local/Cellar/texlive/20240312_3/share/texmf-dist/fonts/type1/public/cm-super/sfbx1440.pfb></usr/local/Cellar/texlive/20240312_3/share/texmf-dist/fonts/type1/public/cm-super/sfbx1728.pfb></usr/local/Cellar/texlive/20240312_3/share/texmf-dist/fonts/type1/public/cm-super/sfbx2074.pfb></usr/local/Cellar/texlive/20240312_3/share/texmf-dist/fonts/type1/public/cm-super/sfbx2488.pfb></usr/local/Cellar/texlive/20240312_3/share/texmf-dist/fonts/type1/public/cm-super/sfrm1200.pfb></usr/local/Cellar/texlive/20240312_3/share/texmf-dist/fonts/type1/public/cm-super/sfrm1440.pfb></usr/local/Cellar/texlive/20240312_3/share/texmf-dist/fonts/type1/public/cm-super/sfss0800.pfb></usr/local/Cellar/texlive/20240312_3/share/texmf-dist/fonts/type1/public/cm-super/sfti1200.pfb></usr/local/Cellar/texlive/20240312_3/share/texmf-dist/fonts/type1/public/cm-super/sftt1200.pfb>
Output written on engineer_report.pdf (41 pages, 5943887 bytes).
PDF statistics:
 451 PDF objects out of 1000 (max. 8388607)
 305 compressed objects within 4 object streams
 125 named destinations out of 1000 (max. 500000)
 161 words of extra memory for PDF output out of 10000 (max. 10000000)

