\BOOKMARK [0][-]{chapter.1}{\376\377\000A\000b\000s\000t\000r\000a\000c\000t}{}% 1
\BOOKMARK [0][-]{chapter.2}{\376\377\000I\000n\000t\000r\000o\000d\000u\000c\000t\000i\000o\000n}{}% 2
\BOOKMARK [1][-]{section.2.1}{\376\377\000R\000e\000s\000e\000a\000r\000c\000h}{chapter.2}% 3
\BOOKMARK [2][-]{subsection.2.1.1}{\376\377\000B\000a\000c\000k\000g\000r\000o\000u\000n\000d\000\040\000o\000f\000\040\000P\000r\000o\000b\000l\000e\000m}{section.2.1}% 4
\BOOKMARK [2][-]{subsection.2.1.2}{\376\377\000E\000x\000i\000s\000t\000i\000n\000g\000\040\000S\000o\000l\000u\000t\000i\000o\000n\000s}{section.2.1}% 5
\BOOKMARK [1][-]{section.2.2}{\376\377\000D\000e\000s\000i\000g\000n\000\040\000C\000h\000o\000i\000c\000e\000s}{chapter.2}% 6
\BOOKMARK [2][-]{subsection.2.2.1}{\376\377\000P\000a\000s\000t\000\040\000C\000o\000n\000s\000i\000d\000e\000r\000a\000t\000i\000o\000n\000s\000\040\000a\000n\000d\000\040\000S\000c\000r\000a\000p\000p\000e\000d\000\040\000P\000l\000a\000n\000s}{section.2.2}% 7
\BOOKMARK [0][-]{chapter.3}{\376\377\000H\000a\000r\000d\000w\000a\000r\000e\000\040\000D\000e\000s\000i\000g\000n\000\040\000a\000n\000d\000\040\000S\000p\000e\000c\000i\000f\000i\000c\000a\000t\000i\000o\000n\000s}{}% 8
\BOOKMARK [1][-]{section.3.1}{\376\377\000F\000i\000r\000s\000t\000\040\000I\000t\000e\000r\000a\000t\000i\000o\000n}{chapter.3}% 9
\BOOKMARK [2][-]{subsection.3.1.1}{\376\377\000I\000n\000i\000t\000i\000a\000l\000\040\000C\000A\000D\000\040\000M\000o\000d\000e\000l\000\040\000a\000n\000d\000\040\000H\000a\000n\000d\000\040\000S\000k\000e\000t\000c\000h\000e\000s}{section.3.1}% 10
\BOOKMARK [1][-]{section.3.2}{\376\377\000S\000e\000c\000o\000n\000d\000\040\000I\000t\000e\000r\000a\000t\000i\000o\000n}{chapter.3}% 11
\BOOKMARK [2][-]{subsection.3.2.1}{\376\377\000U\000p\000d\000a\000t\000e\000d\000\040\000C\000A\000D\000\040\000M\000o\000d\000e\000l\000s}{section.3.2}% 12
\BOOKMARK [2][-]{subsection.3.2.2}{\376\377\000U\000p\000d\000a\000t\000e\000d\000\040\000C\000A\000D\000\040\000M\000o\000d\000e\000l\000s}{section.3.2}% 13
\BOOKMARK [1][-]{section.3.3}{\376\377\000T\000h\000i\000r\000d\000\040\000I\000t\000e\000r\000a\000t\000i\000o\000n}{chapter.3}% 14
\BOOKMARK [2][-]{subsection.3.3.1}{\376\377\000F\000i\000n\000a\000l\000\040\000C\000A\000D\000\040\000M\000o\000d\000e\000l\000s}{section.3.3}% 15
\BOOKMARK [2][-]{subsection.3.3.2}{\376\377\000F\000i\000n\000a\000l\000\040\000M\000a\000n\000u\000f\000a\000c\000t\000u\000r\000i\000n\000g\000\040\000D\000r\000a\000w\000i\000n\000g\000s\000\040\000f\000o\000r\000\040\000C\000u\000s\000t\000o\000m\000\040\000P\000a\000r\000t\000s}{section.3.3}% 16
\BOOKMARK [0][-]{chapter.4}{\376\377\000S\000o\000f\000t\000w\000a\000r\000e\000\040\000D\000e\000s\000i\000g\000n}{}% 17
\BOOKMARK [1][-]{section.4.1}{\376\377\000F\000i\000r\000s\000t\000\040\000I\000t\000e\000r\000a\000t\000i\000o\000n}{chapter.4}% 18
\BOOKMARK [2][-]{subsection.4.1.1}{\376\377\000P\000r\000e\000l\000i\000m\000i\000n\000a\000r\000y\000\040\000D\000i\000a\000g\000r\000a\000m\000s\000\040\000a\000n\000d\000\040\000P\000s\000u\000e\000d\000o\000c\000o\000d\000e}{section.4.1}% 19
\BOOKMARK [2][-]{subsection.4.1.2}{\376\377\000T\000e\000c\000h\000s\000t\000a\000c\000k}{section.4.1}% 20
\BOOKMARK [1][-]{section.4.2}{\376\377\000S\000e\000c\000o\000n\000d\000\040\000I\000t\000e\000r\000a\000t\000i\000o\000n}{chapter.4}% 21
\BOOKMARK [2][-]{subsection.4.2.1}{\376\377\000L\000o\000-\000f\000i\000/\000M\000i\000d\000-\000f\000i\000\040\000D\000e\000s\000i\000g\000n\000s}{section.4.2}% 22
\BOOKMARK [2][-]{subsection.4.2.2}{\376\377\000B\000a\000s\000i\000c\000\040\000L\000o\000g\000i\000c\000\040\000a\000n\000d\000\040\000F\000u\000n\000c\000t\000i\000o\000n\000a\000l\000i\000t\000y}{section.4.2}% 23
\BOOKMARK [2][-]{subsection.4.2.3}{\376\377\000C\000o\000r\000e\000\040\000F\000e\000a\000t\000u\000r\000e\000s\000\040\000o\000f\000\040\000A\000l\000g\000o\000r\000i\000t\000h\000m}{section.4.2}% 24
\BOOKMARK [1][-]{section.4.3}{\376\377\000T\000h\000i\000r\000d\000\040\000I\000t\000e\000r\000a\000t\000i\000o\000n}{chapter.4}% 25
\BOOKMARK [2][-]{subsection.4.3.1}{\376\377\000F\000i\000n\000a\000l\000\040\000P\000r\000o\000d\000u\000c\000t}{section.4.3}% 26
\BOOKMARK [0][-]{chapter.5}{\376\377\000E\000l\000e\000c\000t\000r\000i\000c\000a\000l\000\040\000S\000y\000s\000t\000e\000m\000s\000\040\000D\000e\000s\000i\000g\000n}{}% 27
\BOOKMARK [1][-]{section.5.1}{\376\377\000F\000i\000r\000s\000t\000\040\000I\000t\000e\000r\000a\000t\000i\000o\000n}{chapter.5}% 28
\BOOKMARK [2][-]{subsection.5.1.1}{\376\377\000I\000n\000i\000t\000i\000a\000l\000\040\000W\000i\000r\000i\000n\000g\000\040\000D\000i\000a\000g\000r\000a\000m\000s}{section.5.1}% 29
\BOOKMARK [2][-]{subsection.5.1.2}{\376\377\000I\000n\000i\000t\000i\000a\000l\000\040\000P\000o\000w\000e\000r\000\040\000C\000a\000l\000c\000u\000l\000a\000t\000i\000o\000n\000s}{section.5.1}% 30
\BOOKMARK [1][-]{section.5.2}{\376\377\000S\000e\000c\000o\000n\000d\000\040\000I\000t\000e\000r\000a\000t\000i\000o\000n}{chapter.5}% 31
\BOOKMARK [2][-]{subsection.5.2.1}{\376\377\000C\000i\000r\000c\000u\000i\000t\000\040\000B\000u\000i\000l\000d\000i\000n\000g}{section.5.2}% 32
\BOOKMARK [1][-]{section.5.3}{\376\377\000T\000h\000i\000r\000d\000\040\000I\000t\000e\000r\000a\000t\000i\000o\000n}{chapter.5}% 33
\BOOKMARK [2][-]{subsection.5.3.1}{\376\377\000F\000i\000n\000a\000l\000\040\000W\000i\000r\000i\000n\000g\000\040\000D\000i\000a\000g\000r\000a\000m\000s}{section.5.3}% 34
\BOOKMARK [2][-]{subsection.5.3.2}{\376\377\000F\000i\000n\000a\000l\000\040\000P\000o\000w\000e\000r\000\040\000C\000a\000l\000c\000u\000l\000a\000t\000i\000o\000n\000s}{section.5.3}% 35
\BOOKMARK [2][-]{subsection.5.3.3}{\376\377\000C\000i\000r\000c\000u\000i\000t\000r\000y}{section.5.3}% 36
\BOOKMARK [0][-]{chapter.6}{\376\377\000F\000i\000n\000a\000l\000\040\000P\000r\000o\000d\000u\000c\000t}{}% 37
\BOOKMARK [1][-]{section.6.1}{\376\377\000I\000n\000t\000e\000g\000r\000a\000t\000i\000o\000n}{chapter.6}% 38
\BOOKMARK [0][-]{chapter.7}{\376\377\000D\000i\000s\000c\000u\000s\000s\000i\000o\000n}{}% 39
\BOOKMARK [1][-]{section.7.1}{\376\377\000L\000i\000m\000i\000t\000a\000t\000i\000o\000n\000s\000\040\000a\000n\000d\000\040\000F\000u\000t\000u\000r\000e\000\040\000W\000o\000r\000k}{chapter.7}% 40
\BOOKMARK [0][-]{chapter.8}{\376\377\000C\000o\000n\000c\000l\000u\000s\000i\000o\000n}{}% 41
\BOOKMARK [1][-]{section.8.1}{\376\377\000B\000i\000l\000l\000\040\000o\000f\000\040\000M\000a\000t\000e\000r\000i\000a\000l\000s}{chapter.8}% 42
\BOOKMARK [0][-]{table.caption.39}{\376\377\000R\000e\000f\000e\000r\000e\000n\000c\000e\000s}{}% 43
